[INFO ] 2023-05-26 15:57:47.530 [main] ExcelToCSVConverter - Generated CSV file is added to : D:\Wounded_warrior_project_2023\Wounded_warrior_project_2023\Wounded-Warrior/src/test/resources/CsvFiles/ArtistGrowthUsers.csv
[INFO ] 2023-05-26 15:57:47.752 [main] RunCukesTest - CHROME
[INFO ] 2023-05-26 15:57:47.753 [main] RunCukesTest - 

+===========================================================================================================+
[INFO ] 2023-05-26 15:57:47.754 [main] RunCukesTest -  Suite started at Fri May 26 15:57:47 IST 2023
[INFO ] 2023-05-26 15:57:47.755 [main] RunCukesTest - Suite Execution For Web application on environment : Local
[INFO ] 2023-05-26 15:57:47.757 [main] RunCukesTest - Suite Execution For Android mobile application on version: 12.0
[INFO ] 2023-05-26 15:57:47.759 [main] RunCukesTest - Suite Execution For Android mobile application on Device: Redmi Note 10 Pro
[INFO ] 2023-05-26 15:57:47.759 [main] RunCukesTest - 

+===========================================================================================================+
[INFO ] 2023-05-26 15:57:50.481 [main] Hooks - 
+----------------------------------------------------------------------------------------------------------------------------+
[INFO ] 2023-05-26 15:57:50.483 [main] Hooks - Test Started: Verify the Create (Link) Account functionality for Warriors, Teammates Users by filling required details on WDX.
[INFO ] 2023-05-26 15:57:50.484 [main] Hooks - Test is executed in Environment: Local
[INFO ] 2023-05-26 15:57:50.484 [main] Hooks - Test is started with browser: CHROME
[INFO ] 2023-05-26 15:58:21.416 [main] KeywordUtil - Navigate to: https://wwp--wdxuat.sandbox.my.site.com/WDX/s/login/?language=en_US
[INFO ] 2023-05-26 15:58:28.711 [main] KeywordUtil - Login
[INFO ] 2023-05-26 15:58:29.027 [main] KeywordUtil - Click : By.xpath: //span[text()='Create Account']
[INFO ] 2023-05-26 15:58:31.544 [main] KeywordUtil - create account page is visible 
[INFO ] 2023-05-26 15:58:31.545 [main] KeywordUtil - Get Element text: By.xpath: //div[text()='Create Your Account']
[INFO ] 2023-05-26 15:58:31.718 [main] KeywordUtil - Input Text: vaishali - By.xpath: //input[@placeholder='First name']
[INFO ] 2023-05-26 15:58:32.203 [main] KeywordUtil - Input Text: Tomar - By.xpath: //input[@placeholder='Last name']
[INFO ] 2023-05-26 15:58:32.663 [main] KeywordUtil - Input Text: vaishali.tomar@testingxperts.com - By.xpath: //input[@placeholder='Email']
[INFO ] 2023-05-26 15:58:33.439 [main] KeywordUtil - Click : By.xpath: //button[@title='Continue']
[INFO ] 2023-05-26 15:58:33.713 [main] KeywordUtil - Get Element text: By.xpath: //div[@class='success-message']
[INFO ] 2023-05-26 15:58:35.061 [main] Hooks - Test has ended closing browser: CHROME
[INFO ] 2023-05-26 15:58:37.019 [main] RunCukesTest -  suite finished at Fri May 26 15:58:37 IST 2023
[INFO ] 2023-05-26 15:58:37.020 [main] RunCukesTest - 

+===========================================================================================================+
[INFO ] 2023-05-26 15:58:41.707 [main] KeywordUtil - Test process has ended
[INFO ] 2023-05-26 15:58:41.708 [main] KeywordUtil - Email Flag Set To: N
[INFO ] 2023-05-26 15:58:41.709 [main] KeywordUtil - cucumber path isD:\Wounded_warrior_project_2023\Wounded_warrior_project_2023\Wounded-Warrior\target/cucumber-html-report.html
[INFO ] 2023-05-26 15:58:41.815 [main] KeywordUtil - Extent Report File path is  D:\Wounded_warrior_project_2023\Wounded_warrior_project_2023\Wounded-Warrior\ExecutionReports\HTMLReportsBackup\Web, @CreateAccount_Tc_03.html
[INFO ] 2023-05-26 16:00:24.173 [main] ExcelToCSVConverter - Generated CSV file is added to : D:\Wounded_warrior_project_2023\Wounded_warrior_project_2023\Wounded-Warrior/src/test/resources/CsvFiles/ArtistGrowthUsers.csv
[INFO ] 2023-05-26 16:00:24.369 [main] RunCukesTest - CHROME
[INFO ] 2023-05-26 16:00:24.369 [main] RunCukesTest - 

+===========================================================================================================+
[INFO ] 2023-05-26 16:00:24.370 [main] RunCukesTest -  Suite started at Fri May 26 16:00:24 IST 2023
[INFO ] 2023-05-26 16:00:24.371 [main] RunCukesTest - Suite Execution For Web application on environment : Local
[INFO ] 2023-05-26 16:00:24.374 [main] RunCukesTest - Suite Execution For Android mobile application on version: 12.0
[INFO ] 2023-05-26 16:00:24.374 [main] RunCukesTest - Suite Execution For Android mobile application on Device: Redmi Note 10 Pro
[INFO ] 2023-05-26 16:00:24.375 [main] RunCukesTest - 

+===========================================================================================================+
[INFO ] 2023-05-26 16:00:25.986 [main] Hooks - 
+----------------------------------------------------------------------------------------------------------------------------+
[INFO ] 2023-05-26 16:00:25.986 [main] Hooks - Test Started: Verify Choose Password fields for (Create Link) Account
[INFO ] 2023-05-26 16:00:25.988 [main] Hooks - Test is executed in Environment: Local
[INFO ] 2023-05-26 16:00:25.988 [main] Hooks - Test is started with browser: CHROME
[INFO ] 2023-05-26 16:00:54.757 [main] KeywordUtil - Navigate to: https://wwp--wdxuat.sandbox.my.site.com/WDX/s/login/?language=en_US
[INFO ] 2023-05-26 16:01:01.955 [main] KeywordUtil - Login
[INFO ] 2023-05-26 16:01:02.288 [main] KeywordUtil - Click : By.xpath: //span[text()='Create Account']
[INFO ] 2023-05-26 16:01:04.829 [main] KeywordUtil - create account page is visible 
[INFO ] 2023-05-26 16:01:04.830 [main] KeywordUtil - Get Element text: By.xpath: //div[text()='Create Your Account']
[INFO ] 2023-05-26 16:01:05.001 [main] KeywordUtil - Input Text: vaishali - By.xpath: //input[@placeholder='First name']
[INFO ] 2023-05-26 16:01:05.486 [main] KeywordUtil - Input Text: Tomar - By.xpath: //input[@placeholder='Last name']
[INFO ] 2023-05-26 16:01:05.938 [main] KeywordUtil - Input Text: vaishali.tomar@testingxperts.com - By.xpath: //input[@placeholder='Email']
[INFO ] 2023-05-26 16:01:06.762 [main] KeywordUtil - Click : By.xpath: //button[@title='Continue']
[INFO ] 2023-05-26 16:01:07.047 [main] KeywordUtil - Get Element text: By.xpath: //div[@class='success-message']
[INFO ] 2023-05-26 16:01:08.443 [main] KeywordUtil - Navigate to: https://login.microsoftonline.com/
[INFO ] 2023-05-26 16:01:10.617 [main] KeywordUtil - Sign in to your account
[INFO ] 2023-05-26 16:01:20.622 [main] KeywordUtil - Input Text: vaishali.tomar@testingxperts.com - By.xpath: //input[@type='email']
[INFO ] 2023-05-26 16:01:21.063 [main] KeywordUtil - Click : By.xpath: //input[@id='idSIButton9']
[INFO ] 2023-05-26 16:01:21.236 [main] KeywordUtil - Input Text: Vaishu1234$ - By.xpath: //input[@type='password']
[INFO ] 2023-05-26 16:01:23.337 [main] KeywordUtil - Click : By.xpath: //input[@data-report-event='Signin_Submit']
[INFO ] 2023-05-26 16:01:29.145 [main] KeywordUtil - Click : By.xpath: //input[@value='Yes']
[INFO ] 2023-05-26 16:01:46.197 [main] KeywordUtil - Click : By.xpath: //img[@src='https://res-1.cdn.office.net/shellux/outlook_24x.59692ba8e1f344194426952916c16896.svg']
[INFO ] 2023-05-26 16:02:13.142 [main] KeywordUtil - Click : By.xpath: (//span[@title='resourcecenter@woundedwarriorproject.org'])[1]
[INFO ] 2023-05-26 16:02:22.492 [main] KeywordUtil - Get Element text: By.xpath: (//span[@style='font-size:12pt'])[1]
[INFO ] 2023-05-26 16:02:22.668 [main] KeywordUtil - Navigate to: https://wwp--wdxuat.sandbox.my.site.com/WDX/_nc_external/identity/ui/login/ForgotPasswordInterstitial?r=00D740000008gDN00574000001LFMECjwKMwoPMDBENzQwMDAwMDA4Z0ROEg8wMkdmMzAwMDAwMENycWsaDzAwNTc0MDAwMDAxTEZNRRiV6PK8hTESEFihBVL6GxnVVC5uec_PrAwaDAU1Bqa4zA5qMilwQyI5OIDtaNeGf2k9qT6om7W67CkGtEx3uzFOu2zz7Zc7Db-FefYf_5C-q_oyYfZ4cpOAzrTSrqCIdYD0&display=page&fpot=def6b6fc-8b07-4396-a43b-0bee55ea731cdcf634c3-78e9-4bfb-8862-e41aa45094f2
[INFO ] 2023-05-26 16:02:25.272 [main] KeywordUtil - Reset Password | WDX
[INFO ] 2023-05-26 16:02:25.524 [main] KeywordUtil - Click : By.xpath: //input[@title='Reset Password']
[INFO ] 2023-05-26 16:02:34.380 [main] KeywordUtil - Choose your password page is visible 
[INFO ] 2023-05-26 16:02:34.543 [main] KeywordUtil - Password is visible 
[INFO ] 2023-05-26 16:02:34.706 [main] KeywordUtil - RetypePassword is visible 
[INFO ] 2023-05-26 16:02:34.868 [main] KeywordUtil - Create password button is visible 
[INFO ] 2023-05-26 16:02:35.046 [main] KeywordUtil - Terms & conditions is visible 
[INFO ] 2023-05-26 16:02:35.200 [main] KeywordUtil - Private policy is visible 
[INFO ] 2023-05-26 16:02:35.207 [main] Hooks - Test has ended closing browser: CHROME
[INFO ] 2023-05-26 16:02:37.326 [main] RunCukesTest -  suite finished at Fri May 26 16:02:37 IST 2023
[INFO ] 2023-05-26 16:02:37.327 [main] RunCukesTest - 

+===========================================================================================================+
[INFO ] 2023-05-26 16:02:38.450 [main] KeywordUtil - Test process has ended
[INFO ] 2023-05-26 16:02:38.451 [main] KeywordUtil - Email Flag Set To: N
[INFO ] 2023-05-26 16:02:38.453 [main] KeywordUtil - cucumber path isD:\Wounded_warrior_project_2023\Wounded_warrior_project_2023\Wounded-Warrior\target/cucumber-html-report.html
[INFO ] 2023-05-26 16:02:38.826 [main] KeywordUtil - Extent Report File path is  D:\Wounded_warrior_project_2023\Wounded_warrior_project_2023\Wounded-Warrior\ExecutionReports\HTMLReportsBackup\Web, @CreateAccount_Tc_12.html
[INFO ] 2023-05-26 16:04:11.341 [main] ExcelToCSVConverter - Generated CSV file is added to : D:\Wounded_warrior_project_2023\Wounded_warrior_project_2023\Wounded-Warrior/src/test/resources/CsvFiles/ArtistGrowthUsers.csv
[INFO ] 2023-05-26 16:04:11.610 [main] RunCukesTest - CHROME
[INFO ] 2023-05-26 16:04:11.611 [main] RunCukesTest - 

+===========================================================================================================+
[INFO ] 2023-05-26 16:04:11.612 [main] RunCukesTest -  Suite started at Fri May 26 16:04:11 IST 2023
[INFO ] 2023-05-26 16:04:11.613 [main] RunCukesTest - Suite Execution For Web application on environment : Local
[INFO ] 2023-05-26 16:04:11.616 [main] RunCukesTest - Suite Execution For Android mobile application on version: 12.0
[INFO ] 2023-05-26 16:04:11.617 [main] RunCukesTest - Suite Execution For Android mobile application on Device: Redmi Note 10 Pro
[INFO ] 2023-05-26 16:04:11.619 [main] RunCukesTest - 

+===========================================================================================================+
[INFO ] 2023-05-26 16:04:13.993 [main] Hooks - 
+----------------------------------------------------------------------------------------------------------------------------+
[INFO ] 2023-05-26 16:04:13.994 [main] Hooks - Test Started: Verify Term, Condition and Privacy Policy Links is Clickable  on Choose Password page
[INFO ] 2023-05-26 16:04:13.995 [main] Hooks - Test is executed in Environment: Local
[INFO ] 2023-05-26 16:04:13.995 [main] Hooks - Test is started with browser: CHROME
[INFO ] 2023-05-26 16:04:45.500 [main] KeywordUtil - Navigate to: https://wwp--wdxuat.sandbox.my.site.com/WDX/s/login/?language=en_US
[INFO ] 2023-05-26 16:04:50.684 [main] KeywordUtil - Login
[INFO ] 2023-05-26 16:04:51.696 [main] KeywordUtil - Click : By.xpath: //span[text()='Create Account']
[INFO ] 2023-05-26 16:04:54.480 [main] KeywordUtil - create account page is visible 
[INFO ] 2023-05-26 16:04:54.484 [main] KeywordUtil - Get Element text: By.xpath: //div[text()='Create Your Account']
[INFO ] 2023-05-26 16:04:54.758 [main] KeywordUtil - Input Text: vaishali - By.xpath: //input[@placeholder='First name']
[INFO ] 2023-05-26 16:04:56.252 [main] KeywordUtil - Input Text: Tomar - By.xpath: //input[@placeholder='Last name']
[INFO ] 2023-05-26 16:04:56.757 [main] KeywordUtil - Input Text: vaishali.tomar@testingxperts.com - By.xpath: //input[@placeholder='Email']
[INFO ] 2023-05-26 16:04:57.466 [main] KeywordUtil - Click : By.xpath: //button[@title='Continue']
[INFO ] 2023-05-26 16:04:57.715 [main] KeywordUtil - Get Element text: By.xpath: //div[@class='success-message']
[INFO ] 2023-05-26 16:04:59.373 [main] KeywordUtil - Navigate to: https://login.microsoftonline.com/
[INFO ] 2023-05-26 16:05:01.312 [main] KeywordUtil - Sign in to your account
[INFO ] 2023-05-26 16:05:11.328 [main] KeywordUtil - Input Text: vaishali.tomar@testingxperts.com - By.xpath: //input[@type='email']
[INFO ] 2023-05-26 16:05:11.922 [main] KeywordUtil - Click : By.xpath: //input[@id='idSIButton9']
[INFO ] 2023-05-26 16:05:12.106 [main] KeywordUtil - Input Text: Vaishu1234$ - By.xpath: //input[@type='password']
[INFO ] 2023-05-26 16:05:13.584 [main] KeywordUtil - Click : By.xpath: //input[@data-report-event='Signin_Submit']
[INFO ] 2023-05-26 16:05:19.222 [main] KeywordUtil - Click : By.xpath: //input[@value='Yes']
[INFO ] 2023-05-26 16:05:31.486 [main] KeywordUtil - Click : By.xpath: //img[@src='https://res-1.cdn.office.net/shellux/outlook_24x.59692ba8e1f344194426952916c16896.svg']
[INFO ] 2023-05-26 16:05:52.682 [main] KeywordUtil - Click : By.xpath: (//span[@title='resourcecenter@woundedwarriorproject.org'])[1]
[INFO ] 2023-05-26 16:06:01.583 [main] KeywordUtil - Get Element text: By.xpath: (//span[@style='font-size:12pt'])[1]
[INFO ] 2023-05-26 16:06:01.769 [main] KeywordUtil - Navigate to: https://wwp--wdxuat.sandbox.my.site.com/WDX/_nc_external/identity/ui/login/ForgotPasswordInterstitial?r=00D740000008gDN00574000001LFMECjwKMwoPMDBENzQwMDAwMDA4Z0ROEg8wMkdmMzAwMDAwMENycWsaDzAwNTc0MDAwMDAxTEZNRRjx8YC9hTESEBKIzT9P-J5hbZIo9DFXOogaDHVuKvHfX_ffZ7BXESI5P7wSCGgRGTNf23Ni0omCA6CM2ik4d5ozYdrDXicEbLHPTsO5PQ3abDtA6DMHkrlfbHphZFeqk-bo&display=page&fpot=eb4ad728-5f9c-42e2-b7b8-150dae1d03667d4ffa19-d0aa-46f9-a230-91cf936f0349
[INFO ] 2023-05-26 16:06:04.396 [main] KeywordUtil - Reset Password | WDX
[INFO ] 2023-05-26 16:06:04.618 [main] KeywordUtil - Click : By.xpath: //input[@title='Reset Password']
[INFO ] 2023-05-26 16:06:11.067 [main] KeywordUtil - Choose your password page is visible 
[INFO ] 2023-05-26 16:06:11.241 [main] KeywordUtil - Click : By.xpath: //a[@title='Terms and Conditions']
[INFO ] 2023-05-26 16:06:21.777 [main] KeywordUtil - Terms & conditions is visible 
[INFO ] 2023-05-26 16:09:41.007 [main] ExcelToCSVConverter - Generated CSV file is added to : D:\Wounded_warrior_project_2023\Wounded_warrior_project_2023\Wounded-Warrior/src/test/resources/CsvFiles/ArtistGrowthUsers.csv
[INFO ] 2023-05-26 16:09:41.336 [main] RunCukesTest - CHROME
[INFO ] 2023-05-26 16:09:41.337 [main] RunCukesTest - 

+===========================================================================================================+
[INFO ] 2023-05-26 16:09:41.338 [main] RunCukesTest -  Suite started at Fri May 26 16:09:41 IST 2023
[INFO ] 2023-05-26 16:09:41.340 [main] RunCukesTest - Suite Execution For Web application on environment : Local
[INFO ] 2023-05-26 16:09:41.480 [main] RunCukesTest - Suite Execution For Android mobile application on version: 12.0
[INFO ] 2023-05-26 16:09:41.484 [main] RunCukesTest - Suite Execution For Android mobile application on Device: Redmi Note 10 Pro
[INFO ] 2023-05-26 16:09:41.484 [main] RunCukesTest - 

+===========================================================================================================+
[INFO ] 2023-05-26 16:09:43.555 [main] Hooks - 
+----------------------------------------------------------------------------------------------------------------------------+
[INFO ] 2023-05-26 16:09:43.556 [main] Hooks - Test Started: Verify Term, Condition and Privacy Policy Links is Clickable  on Choose Password page
[INFO ] 2023-05-26 16:09:43.557 [main] Hooks - Test is executed in Environment: Local
[INFO ] 2023-05-26 16:09:43.557 [main] Hooks - Test is started with browser: CHROME
[INFO ] 2023-05-26 16:10:14.221 [main] KeywordUtil - Navigate to: https://wwp--wdxuat.sandbox.my.site.com/WDX/s/login/?language=en_US
[INFO ] 2023-05-26 16:10:19.655 [main] KeywordUtil - Login
[INFO ] 2023-05-26 16:10:20.036 [main] KeywordUtil - Click : By.xpath: //span[text()='Create Account']
[INFO ] 2023-05-26 16:10:22.574 [main] KeywordUtil - create account page is visible 
[INFO ] 2023-05-26 16:10:22.576 [main] KeywordUtil - Get Element text: By.xpath: //div[text()='Create Your Account']
[INFO ] 2023-05-26 16:10:22.767 [main] KeywordUtil - Input Text: vaishali - By.xpath: //input[@placeholder='First name']
[INFO ] 2023-05-26 16:10:23.373 [main] KeywordUtil - Input Text: Tomar - By.xpath: //input[@placeholder='Last name']
[INFO ] 2023-05-26 16:10:23.818 [main] KeywordUtil - Input Text: vaishali.tomar@testingxperts.com - By.xpath: //input[@placeholder='Email']
[INFO ] 2023-05-26 16:10:24.692 [main] KeywordUtil - Click : By.xpath: //button[@title='Continue']
[INFO ] 2023-05-26 16:10:24.951 [main] KeywordUtil - Get Element text: By.xpath: //div[@class='success-message']
[INFO ] 2023-05-26 16:10:26.255 [main] KeywordUtil - Navigate to: https://login.microsoftonline.com/
[INFO ] 2023-05-26 16:10:28.057 [main] KeywordUtil - Sign in to your account
[INFO ] 2023-05-26 16:10:38.074 [main] KeywordUtil - Input Text: vaishali.tomar@testingxperts.com - By.xpath: //input[@type='email']
[INFO ] 2023-05-26 16:10:38.827 [main] KeywordUtil - Click : By.xpath: //input[@id='idSIButton9']
[INFO ] 2023-05-26 16:10:39.086 [main] KeywordUtil - Input Text: Vaishu1234$ - By.xpath: //input[@type='password']
[INFO ] 2023-05-26 16:10:40.605 [main] KeywordUtil - Click : By.xpath: //input[@data-report-event='Signin_Submit']
[INFO ] 2023-05-26 16:10:46.555 [main] KeywordUtil - Click : By.xpath: //input[@value='Yes']
[INFO ] 2023-05-26 16:11:01.700 [main] KeywordUtil - Click : By.xpath: //img[@src='https://res-1.cdn.office.net/shellux/outlook_24x.59692ba8e1f344194426952916c16896.svg']
[INFO ] 2023-05-26 16:11:24.107 [main] KeywordUtil - Click : By.xpath: (//span[@title='resourcecenter@woundedwarriorproject.org'])[1]
[INFO ] 2023-05-26 16:11:33.181 [main] KeywordUtil - Get Element text: By.xpath: (//span[@style='font-size:12pt'])[1]
[INFO ] 2023-05-26 16:11:33.370 [main] KeywordUtil - Navigate to: https://wwp--wdxuat.sandbox.my.site.com/WDX/_nc_external/identity/ui/login/ForgotPasswordInterstitial?r=00D740000008gDN00574000001LFMECjwKMwoPMDBENzQwMDAwMDA4Z0ROEg8wMkdmMzAwMDAwMENycWsaDzAwNTc0MDAwMDAxTEZNRRj87ZS9hTESEMgoLpafH91VeF-n5wk2yUYaDEfCG4gHyL2B2_OfhSI5wDQOa88EEVcj5aHxxwn9G77LbU5k9rXK50kpYvxW4QnIjOoQ2rorTUg5RhFyGhmXaQExy6GM7WYY&display=page&fpot=d3913571-6976-4121-830a-4885b4a529d7f391c819-d69f-4a78-9a03-ae35e75714f1
[INFO ] 2023-05-26 16:11:34.660 [main] KeywordUtil - Reset Password | WDX
[INFO ] 2023-05-26 16:11:34.875 [main] KeywordUtil - Click : By.xpath: //input[@title='Reset Password']
[INFO ] 2023-05-26 16:11:41.579 [main] KeywordUtil - Choose your password page is visible 
[INFO ] 2023-05-26 16:11:41.757 [main] KeywordUtil - Click : By.xpath: //a[@title='Terms and Conditions']
[INFO ] 2023-05-26 16:11:42.780 [main] HTMLReportUtil - ExecutionReports\FailedScreenshots\ScreenShot_1685097702247.png
[INFO ] 2023-05-26 16:11:47.995 [main] RunCukesTest -  suite finished at Fri May 26 16:11:47 IST 2023
[INFO ] 2023-05-26 16:11:47.996 [main] RunCukesTest - 

+===========================================================================================================+
[INFO ] 2023-05-26 16:11:53.459 [main] KeywordUtil - Test process has ended
[INFO ] 2023-05-26 16:11:53.460 [main] KeywordUtil - Email Flag Set To: N
[INFO ] 2023-05-26 16:11:53.461 [main] KeywordUtil - cucumber path isD:\Wounded_warrior_project_2023\Wounded_warrior_project_2023\Wounded-Warrior\target/cucumber-html-report.html
[INFO ] 2023-05-26 16:11:53.577 [main] KeywordUtil - Extent Report File path is  D:\Wounded_warrior_project_2023\Wounded_warrior_project_2023\Wounded-Warrior\ExecutionReports\HTMLReportsBackup\Web, @CreateAccount_Tc_13.html
[INFO ] 2023-05-26 16:14:00.643 [main] ExcelToCSVConverter - Generated CSV file is added to : D:\Wounded_warrior_project_2023\Wounded_warrior_project_2023\Wounded-Warrior/src/test/resources/CsvFiles/ArtistGrowthUsers.csv
[INFO ] 2023-05-26 16:14:00.796 [main] RunCukesTest - CHROME
[INFO ] 2023-05-26 16:14:00.796 [main] RunCukesTest - 

+===========================================================================================================+
[INFO ] 2023-05-26 16:14:00.797 [main] RunCukesTest -  Suite started at Fri May 26 16:14:00 IST 2023
[INFO ] 2023-05-26 16:14:00.798 [main] RunCukesTest - Suite Execution For Web application on environment : Local
[INFO ] 2023-05-26 16:14:00.800 [main] RunCukesTest - Suite Execution For Android mobile application on version: 12.0
[INFO ] 2023-05-26 16:14:00.801 [main] RunCukesTest - Suite Execution For Android mobile application on Device: Redmi Note 10 Pro
[INFO ] 2023-05-26 16:14:00.802 [main] RunCukesTest - 

+===========================================================================================================+
[INFO ] 2023-05-26 16:14:02.412 [main] Hooks - 
+----------------------------------------------------------------------------------------------------------------------------+
[INFO ] 2023-05-26 16:14:02.413 [main] Hooks - Test Started: Verify Term, Condition and Privacy Policy Links is Clickable  on Choose Password page
[INFO ] 2023-05-26 16:14:02.413 [main] Hooks - Test is executed in Environment: Local
[INFO ] 2023-05-26 16:14:02.413 [main] Hooks - Test is started with browser: CHROME
[INFO ] 2023-05-26 16:14:31.886 [main] KeywordUtil - Navigate to: https://wwp--wdxuat.sandbox.my.site.com/WDX/s/login/?language=en_US
[INFO ] 2023-05-26 16:14:36.396 [main] KeywordUtil - Login
[INFO ] 2023-05-26 16:14:36.854 [main] KeywordUtil - Click : By.xpath: //span[text()='Create Account']
[INFO ] 2023-05-26 16:14:39.423 [main] KeywordUtil - create account page is visible 
[INFO ] 2023-05-26 16:14:39.425 [main] KeywordUtil - Get Element text: By.xpath: //div[text()='Create Your Account']
[INFO ] 2023-05-26 16:14:39.715 [main] KeywordUtil - Input Text: vaishali - By.xpath: //input[@placeholder='First name']
[INFO ] 2023-05-26 16:14:40.267 [main] KeywordUtil - Input Text: Tomar - By.xpath: //input[@placeholder='Last name']
[INFO ] 2023-05-26 16:14:40.815 [main] KeywordUtil - Input Text: vaishali.tomar@testingxperts.com - By.xpath: //input[@placeholder='Email']
[INFO ] 2023-05-26 16:14:41.644 [main] KeywordUtil - Click : By.xpath: //button[@title='Continue']
[INFO ] 2023-05-26 16:14:42.033 [main] KeywordUtil - Get Element text: By.xpath: //div[@class='success-message']
[INFO ] 2023-05-26 16:14:43.058 [main] KeywordUtil - Navigate to: https://login.microsoftonline.com/
[INFO ] 2023-05-26 16:14:44.349 [main] KeywordUtil - Sign in to your account
[INFO ] 2023-05-26 16:14:54.359 [main] KeywordUtil - Input Text: vaishali.tomar@testingxperts.com - By.xpath: //input[@type='email']
[INFO ] 2023-05-26 16:14:54.832 [main] KeywordUtil - Click : By.xpath: //input[@id='idSIButton9']
[INFO ] 2023-05-26 16:14:55.012 [main] KeywordUtil - Input Text: Vaishu1234$ - By.xpath: //input[@type='password']
[INFO ] 2023-05-26 16:14:56.632 [main] KeywordUtil - Click : By.xpath: //input[@data-report-event='Signin_Submit']
[INFO ] 2023-05-26 16:15:02.460 [main] KeywordUtil - Click : By.xpath: //input[@value='Yes']
[INFO ] 2023-05-26 16:15:18.473 [main] KeywordUtil - Click : By.xpath: //img[@src='https://res-1.cdn.office.net/shellux/outlook_24x.59692ba8e1f344194426952916c16896.svg']
[INFO ] 2023-05-26 16:15:42.614 [main] KeywordUtil - Click : By.xpath: (//span[@title='resourcecenter@woundedwarriorproject.org'])[1]
[INFO ] 2023-05-26 16:15:51.170 [main] KeywordUtil - Get Element text: By.xpath: (//span[@style='font-size:12pt'])[1]
