[INFO ] 2023-05-05 09:34:28.844 [main] ExcelToCSVConverter - Generated CSV file is added to : /Users/atul/Downloads/Tx_Pratice-Nykaa_S/src/test/resources/CsvFiles/ArtistGrowthUsers.csv
[INFO ] 2023-05-05 09:34:28.982 [main] RunCukesTest - CHROME
[INFO ] 2023-05-05 09:34:28.983 [main] RunCukesTest - 

+===========================================================================================================+
[INFO ] 2023-05-05 09:34:28.997 [main] RunCukesTest -  Suite started at Fri May 05 09:34:28 IST 2023
[INFO ] 2023-05-05 09:34:28.999 [main] RunCukesTest - Suite Execution For Web application on environment : Local
[INFO ] 2023-05-05 09:34:29.006 [main] RunCukesTest - Suite Execution For Android mobile application on version: 12.0
[INFO ] 2023-05-05 09:34:29.007 [main] RunCukesTest - Suite Execution For Android mobile application on Device: Redmi Note 10 Pro
[INFO ] 2023-05-05 09:34:29.007 [main] RunCukesTest - 

+===========================================================================================================+
[INFO ] 2023-05-05 09:34:29.693 [main] DriverUtil - Execution started for iOS on device - iPad Pro with OS Version - 15.5
[INFO ] 2023-05-05 09:34:30.740 [main] RunCukesTest -  suite finished at Fri May 05 09:34:30 IST 2023
[INFO ] 2023-05-05 09:34:30.740 [main] RunCukesTest - 

+===========================================================================================================+
[INFO ] 2023-05-05 09:34:30.961 [main] KeywordUtil - Test process has ended
[INFO ] 2023-05-05 09:34:30.961 [main] KeywordUtil - Email Flag Set To: N
[INFO ] 2023-05-05 09:34:30.963 [main] KeywordUtil - cucumber path is/Users/atul/Downloads/Tx_Pratice-Nykaa_S\target/cucumber-html-report.html
[INFO ] 2023-05-05 09:34:30.980 [main] KeywordUtil - Extent Report File path is  /Users/atul/Downloads/Tx_Pratice-Nykaa_S/ExecutionReports/HTMLReportsBackup/null.html
[INFO ] 2023-05-05 09:44:25.303 [main] ExcelToCSVConverter - Generated CSV file is added to : /Users/atul/Downloads/Tx_Pratice-Nykaa_S/src/test/resources/CsvFiles/ArtistGrowthUsers.csv
[INFO ] 2023-05-05 09:44:25.436 [main] RunCukesTest - CHROME
[INFO ] 2023-05-05 09:44:25.436 [main] RunCukesTest - 

+===========================================================================================================+
[INFO ] 2023-05-05 09:44:25.443 [main] RunCukesTest -  Suite started at Fri May 05 09:44:25 IST 2023
[INFO ] 2023-05-05 09:44:25.444 [main] RunCukesTest - Suite Execution For Web application on environment : Local
[INFO ] 2023-05-05 09:44:25.445 [main] RunCukesTest - Suite Execution For Android mobile application on version: 12.0
[INFO ] 2023-05-05 09:44:25.445 [main] RunCukesTest - Suite Execution For Android mobile application on Device: Redmi Note 10 Pro
[INFO ] 2023-05-05 09:44:25.445 [main] RunCukesTest - 

+===========================================================================================================+
[INFO ] 2023-05-05 09:44:26.128 [main] DriverUtil - Execution started for iOS on device - iPad Pro with OS Version - 15.5
[INFO ] 2023-05-05 09:44:27.099 [main] RunCukesTest -  suite finished at Fri May 05 09:44:27 IST 2023
[INFO ] 2023-05-05 09:44:27.100 [main] RunCukesTest - 

+===========================================================================================================+
[INFO ] 2023-05-05 09:44:27.337 [main] KeywordUtil - Test process has ended
[INFO ] 2023-05-05 09:44:27.338 [main] KeywordUtil - Email Flag Set To: N
[INFO ] 2023-05-05 09:44:27.339 [main] KeywordUtil - cucumber path is/Users/atul/Downloads/Tx_Pratice-Nykaa_S\target/cucumber-html-report.html
[INFO ] 2023-05-05 09:44:27.352 [main] KeywordUtil - Extent Report File path is  /Users/atul/Downloads/Tx_Pratice-Nykaa_S/ExecutionReports/HTMLReportsBackup/null.html
[INFO ] 2023-05-05 10:17:10.341 [main] ExcelToCSVConverter - Generated CSV file is added to : /Users/atul/Downloads/Tx_Pratice-Nykaa_S/src/test/resources/CsvFiles/ArtistGrowthUsers.csv
[INFO ] 2023-05-05 10:17:10.528 [main] RunCukesTest - CHROME
[INFO ] 2023-05-05 10:17:10.529 [main] RunCukesTest - 

+===========================================================================================================+
[INFO ] 2023-05-05 10:17:10.554 [main] RunCukesTest -  Suite started at Fri May 05 10:17:10 IST 2023
[INFO ] 2023-05-05 10:17:10.554 [main] RunCukesTest - Suite Execution For Web application on environment : Local
[INFO ] 2023-05-05 10:17:10.563 [main] RunCukesTest - Suite Execution For Android mobile application on version: 12.0
[INFO ] 2023-05-05 10:17:10.563 [main] RunCukesTest - Suite Execution For Android mobile application on Device: Redmi Note 10 Pro
[INFO ] 2023-05-05 10:17:10.563 [main] RunCukesTest - 

+===========================================================================================================+
[INFO ] 2023-05-05 10:17:11.262 [main] DriverUtil - Execution started for iOS on device - iPad Pro with OS Version - 15.5
[INFO ] 2023-05-05 10:17:12.226 [main] RunCukesTest -  suite finished at Fri May 05 10:17:12 IST 2023
[INFO ] 2023-05-05 10:17:12.226 [main] RunCukesTest - 

+===========================================================================================================+
[INFO ] 2023-05-05 10:17:12.453 [main] KeywordUtil - Test process has ended
[INFO ] 2023-05-05 10:17:12.454 [main] KeywordUtil - Email Flag Set To: N
[INFO ] 2023-05-05 10:17:12.455 [main] KeywordUtil - cucumber path is/Users/atul/Downloads/Tx_Pratice-Nykaa_S\target/cucumber-html-report.html
[INFO ] 2023-05-05 10:17:12.468 [main] KeywordUtil - Extent Report File path is  /Users/atul/Downloads/Tx_Pratice-Nykaa_S/ExecutionReports/HTMLReportsBackup/null.html
[INFO ] 2023-05-05 10:17:23.073 [main] ExcelToCSVConverter - Generated CSV file is added to : /Users/atul/Downloads/Tx_Pratice-Nykaa_S/src/test/resources/CsvFiles/ArtistGrowthUsers.csv
[INFO ] 2023-05-05 10:17:23.209 [main] RunCukesTest - CHROME
[INFO ] 2023-05-05 10:17:23.209 [main] RunCukesTest - 

+===========================================================================================================+
[INFO ] 2023-05-05 10:17:23.216 [main] RunCukesTest -  Suite started at Fri May 05 10:17:23 IST 2023
[INFO ] 2023-05-05 10:17:23.216 [main] RunCukesTest - Suite Execution For Web application on environment : Local
[INFO ] 2023-05-05 10:17:23.221 [main] RunCukesTest - Suite Execution For Android mobile application on version: 12.0
[INFO ] 2023-05-05 10:17:23.221 [main] RunCukesTest - Suite Execution For Android mobile application on Device: Redmi Note 10 Pro
[INFO ] 2023-05-05 10:17:23.221 [main] RunCukesTest - 

+===========================================================================================================+
[INFO ] 2023-05-05 10:17:23.908 [main] DriverUtil - Execution started for iOS on device - iPad Pro with OS Version - 15.5
[INFO ] 2023-05-05 10:17:24.836 [main] RunCukesTest -  suite finished at Fri May 05 10:17:24 IST 2023
[INFO ] 2023-05-05 10:17:24.837 [main] RunCukesTest - 

+===========================================================================================================+
[INFO ] 2023-05-05 10:17:25.058 [main] KeywordUtil - Test process has ended
[INFO ] 2023-05-05 10:17:25.059 [main] KeywordUtil - Email Flag Set To: N
[INFO ] 2023-05-05 10:17:25.061 [main] KeywordUtil - cucumber path is/Users/atul/Downloads/Tx_Pratice-Nykaa_S\target/cucumber-html-report.html
[INFO ] 2023-05-05 10:17:25.075 [main] KeywordUtil - Extent Report File path is  /Users/atul/Downloads/Tx_Pratice-Nykaa_S/ExecutionReports/HTMLReportsBackup/null.html
[INFO ] 2023-05-05 10:18:24.219 [main] ExcelToCSVConverter - Generated CSV file is added to : /Users/atul/Downloads/Tx_Pratice-Nykaa_S/src/test/resources/CsvFiles/ArtistGrowthUsers.csv
[INFO ] 2023-05-05 10:18:24.374 [main] RunCukesTest - CHROME
[INFO ] 2023-05-05 10:18:24.375 [main] RunCukesTest - 

+===========================================================================================================+
[INFO ] 2023-05-05 10:18:24.384 [main] RunCukesTest -  Suite started at Fri May 05 10:18:24 IST 2023
[INFO ] 2023-05-05 10:18:24.384 [main] RunCukesTest - Suite Execution For Web application on environment : Local
[INFO ] 2023-05-05 10:18:24.388 [main] RunCukesTest - Suite Execution For Android mobile application on version: 12.0
[INFO ] 2023-05-05 10:18:24.388 [main] RunCukesTest - Suite Execution For Android mobile application on Device: Redmi Note 10 Pro
[INFO ] 2023-05-05 10:18:24.388 [main] RunCukesTest - 

+===========================================================================================================+
[INFO ] 2023-05-05 10:18:25.086 [main] DriverUtil - Execution started for iOS on device - iPad Pro with OS Version - 15.5
[INFO ] 2023-05-05 10:18:26.048 [main] RunCukesTest -  suite finished at Fri May 05 10:18:26 IST 2023
[INFO ] 2023-05-05 10:18:26.049 [main] RunCukesTest - 

+===========================================================================================================+
[INFO ] 2023-05-05 10:18:26.282 [main] KeywordUtil - Test process has ended
[INFO ] 2023-05-05 10:18:26.283 [main] KeywordUtil - Email Flag Set To: N
[INFO ] 2023-05-05 10:18:26.285 [main] KeywordUtil - cucumber path is/Users/atul/Downloads/Tx_Pratice-Nykaa_S\target/cucumber-html-report.html
[INFO ] 2023-05-05 10:18:26.301 [main] KeywordUtil - Extent Report File path is  /Users/atul/Downloads/Tx_Pratice-Nykaa_S/ExecutionReports/HTMLReportsBackup/null.html
[INFO ] 2023-05-05 10:21:27.641 [main] ExcelToCSVConverter - Generated CSV file is added to : /Users/atul/Downloads/Tx_Pratice-Nykaa_S/src/test/resources/CsvFiles/ArtistGrowthUsers.csv
[INFO ] 2023-05-05 10:21:27.795 [main] RunCukesTest - CHROME
[INFO ] 2023-05-05 10:21:27.795 [main] RunCukesTest - 

+===========================================================================================================+
[INFO ] 2023-05-05 10:21:27.804 [main] RunCukesTest -  Suite started at Fri May 05 10:21:27 IST 2023
[INFO ] 2023-05-05 10:21:27.805 [main] RunCukesTest - Suite Execution For Web application on environment : Local
[INFO ] 2023-05-05 10:21:27.808 [main] RunCukesTest - Suite Execution For Android mobile application on version: 12.0
[INFO ] 2023-05-05 10:21:27.809 [main] RunCukesTest - Suite Execution For Android mobile application on Device: Redmi Note 10 Pro
[INFO ] 2023-05-05 10:21:27.809 [main] RunCukesTest - 

+===========================================================================================================+
[INFO ] 2023-05-05 10:21:28.514 [main] DriverUtil - Execution started for iOS on device - iPad Pro with OS Version - 15.5
[INFO ] 2023-05-05 10:21:34.711 [main] RunCukesTest -  suite finished at Fri May 05 10:21:34 IST 2023
[INFO ] 2023-05-05 10:21:34.712 [main] RunCukesTest - 

+===========================================================================================================+
[INFO ] 2023-05-05 10:21:34.943 [main] KeywordUtil - Test process has ended
[INFO ] 2023-05-05 10:21:34.944 [main] KeywordUtil - Email Flag Set To: N
[INFO ] 2023-05-05 10:21:34.945 [main] KeywordUtil - cucumber path is/Users/atul/Downloads/Tx_Pratice-Nykaa_S\target/cucumber-html-report.html
[INFO ] 2023-05-05 10:21:34.957 [main] KeywordUtil - Extent Report File path is  /Users/atul/Downloads/Tx_Pratice-Nykaa_S/ExecutionReports/HTMLReportsBackup/null.html
[INFO ] 2023-05-05 10:22:52.407 [main] ExcelToCSVConverter - Generated CSV file is added to : /Users/atul/Downloads/Tx_Pratice-Nykaa_S/src/test/resources/CsvFiles/ArtistGrowthUsers.csv
[INFO ] 2023-05-05 10:22:52.587 [main] RunCukesTest - CHROME
[INFO ] 2023-05-05 10:22:52.587 [main] RunCukesTest - 

+===========================================================================================================+
[INFO ] 2023-05-05 10:22:52.601 [main] RunCukesTest -  Suite started at Fri May 05 10:22:52 IST 2023
[INFO ] 2023-05-05 10:22:52.601 [main] RunCukesTest - Suite Execution For Web application on environment : Local
[INFO ] 2023-05-05 10:22:52.606 [main] RunCukesTest - Suite Execution For Android mobile application on version: 12.0
[INFO ] 2023-05-05 10:22:52.606 [main] RunCukesTest - Suite Execution For Android mobile application on Device: Redmi Note 10 Pro
[INFO ] 2023-05-05 10:22:52.606 [main] RunCukesTest - 

+===========================================================================================================+
[INFO ] 2023-05-05 10:22:53.280 [main] DriverUtil - Execution started for iOS on device - iPad Pro with OS Version - 15.5
[INFO ] 2023-05-05 10:22:58.035 [main] RunCukesTest -  suite finished at Fri May 05 10:22:58 IST 2023
[INFO ] 2023-05-05 10:22:58.035 [main] RunCukesTest - 

+===========================================================================================================+
[INFO ] 2023-05-05 10:22:58.258 [main] KeywordUtil - Test process has ended
[INFO ] 2023-05-05 10:22:58.258 [main] KeywordUtil - Email Flag Set To: N
[INFO ] 2023-05-05 10:22:58.259 [main] KeywordUtil - cucumber path is/Users/atul/Downloads/Tx_Pratice-Nykaa_S\target/cucumber-html-report.html
[INFO ] 2023-05-05 10:22:58.271 [main] KeywordUtil - Extent Report File path is  /Users/atul/Downloads/Tx_Pratice-Nykaa_S/ExecutionReports/HTMLReportsBackup/null.html
