[INFO ] 2023-05-17 11:04:06.725 [main] ExcelToCSVConverter - Generated CSV file is added to : /Users/atul/Downloads/Tx_WWP/src/test/resources/CsvFiles/ArtistGrowthUsers.csv
[INFO ] 2023-05-17 11:04:06.869 [main] RunCukesTest - CHROME
[INFO ] 2023-05-17 11:04:06.869 [main] RunCukesTest - 

+===========================================================================================================+
[INFO ] 2023-05-17 11:04:06.879 [main] RunCukesTest -  Suite started at Wed May 17 11:04:06 IST 2023
[INFO ] 2023-05-17 11:04:06.880 [main] RunCukesTest - Suite Execution For Web application on environment : Local
[INFO ] 2023-05-17 11:04:06.885 [main] RunCukesTest - Suite Execution For Android mobile application on version: 12.0
[INFO ] 2023-05-17 11:04:06.885 [main] RunCukesTest - Suite Execution For Android mobile application on Device: Redmi Note 10 Pro
[INFO ] 2023-05-17 11:04:06.885 [main] RunCukesTest - 

+===========================================================================================================+
[INFO ] 2023-05-17 11:04:07.471 [main] Hooks - Mobile Tests Started: Verify that user is able to login to the app
[INFO ] 2023-05-17 11:04:07.472 [main] Hooks - Mobile Test is executed in OS: null
[INFO ] 2023-05-17 11:04:07.494 [main] DriverUtil - Execution started for iOS on device - iPhone 12 with OS Version - 15.5
[INFO ] 2023-05-17 11:04:16.714 [main] Hooks - Test has ended closing Application: null
[INFO ] 2023-05-17 11:04:18.014 [main] RunCukesTest -  suite finished at Wed May 17 11:04:18 IST 2023
[INFO ] 2023-05-17 11:04:18.014 [main] RunCukesTest - 

+===========================================================================================================+
[INFO ] 2023-05-17 11:04:18.331 [main] KeywordUtil - Test process has ended
[INFO ] 2023-05-17 11:04:18.331 [main] KeywordUtil - Email Flag Set To: N
[INFO ] 2023-05-17 11:04:18.333 [main] KeywordUtil - cucumber path is/Users/atul/Downloads/Tx_WWP\target/cucumber-html-report.html
[INFO ] 2023-05-17 11:04:18.352 [main] KeywordUtil - Extent Report File path is  /Users/atul/Downloads/Tx_WWP/ExecutionReports/HTMLReportsBackup/IOS.html
[INFO ] 2023-05-17 11:17:48.101 [main] ExcelToCSVConverter - Generated CSV file is added to : /Users/atul/Downloads/Tx_WWP/src/test/resources/CsvFiles/ArtistGrowthUsers.csv
[INFO ] 2023-05-17 11:17:48.233 [main] RunCukesTest - CHROME
[INFO ] 2023-05-17 11:17:48.234 [main] RunCukesTest - 

+===========================================================================================================+
[INFO ] 2023-05-17 11:17:48.242 [main] RunCukesTest -  Suite started at Wed May 17 11:17:48 IST 2023
[INFO ] 2023-05-17 11:17:48.242 [main] RunCukesTest - Suite Execution For Web application on environment : Local
[INFO ] 2023-05-17 11:17:48.244 [main] RunCukesTest - Suite Execution For Android mobile application on version: 12.0
[INFO ] 2023-05-17 11:17:48.244 [main] RunCukesTest - Suite Execution For Android mobile application on Device: Redmi Note 10 Pro
[INFO ] 2023-05-17 11:17:48.244 [main] RunCukesTest - 

+===========================================================================================================+
[INFO ] 2023-05-17 11:17:48.829 [main] Hooks - Mobile Tests Started: Verify that user is able to login to the app
[INFO ] 2023-05-17 11:17:48.830 [main] Hooks - Mobile Test is executed in OS: null
[INFO ] 2023-05-17 11:17:48.853 [main] DriverUtil - Execution started for iOS on device - iPhone 12 with OS Version - 15.5
[INFO ] 2023-05-17 11:17:56.400 [main] Hooks - Test has ended closing Application: null
[INFO ] 2023-05-17 11:17:57.669 [main] RunCukesTest -  suite finished at Wed May 17 11:17:57 IST 2023
[INFO ] 2023-05-17 11:17:57.670 [main] RunCukesTest - 

+===========================================================================================================+
[INFO ] 2023-05-17 11:17:57.964 [main] KeywordUtil - Test process has ended
[INFO ] 2023-05-17 11:17:57.965 [main] KeywordUtil - Email Flag Set To: N
[INFO ] 2023-05-17 11:17:57.966 [main] KeywordUtil - cucumber path is/Users/atul/Downloads/Tx_WWP\target/cucumber-html-report.html
[INFO ] 2023-05-17 11:17:57.985 [main] KeywordUtil - Extent Report File path is  /Users/atul/Downloads/Tx_WWP/ExecutionReports/HTMLReportsBackup/IOS.html
[INFO ] 2023-05-17 11:40:55.603 [main] ExcelToCSVConverter - Generated CSV file is added to : /Users/atul/Downloads/Tx_WWP/src/test/resources/CsvFiles/ArtistGrowthUsers.csv
[INFO ] 2023-05-17 11:40:55.744 [main] RunCukesTest - CHROME
[INFO ] 2023-05-17 11:40:55.745 [main] RunCukesTest - 

+===========================================================================================================+
[INFO ] 2023-05-17 11:40:55.751 [main] RunCukesTest -  Suite started at Wed May 17 11:40:55 IST 2023
[INFO ] 2023-05-17 11:40:55.751 [main] RunCukesTest - Suite Execution For Web application on environment : Local
[INFO ] 2023-05-17 11:40:55.753 [main] RunCukesTest - Suite Execution For Android mobile application on version: 12.0
[INFO ] 2023-05-17 11:40:55.753 [main] RunCukesTest - Suite Execution For Android mobile application on Device: Redmi Note 10 Pro
[INFO ] 2023-05-17 11:40:55.753 [main] RunCukesTest - 

+===========================================================================================================+
[INFO ] 2023-05-17 11:40:56.396 [main] RunCukesTest -  suite finished at Wed May 17 11:40:56 IST 2023
[INFO ] 2023-05-17 11:40:56.396 [main] RunCukesTest - 

+===========================================================================================================+
[INFO ] 2023-05-17 11:40:56.619 [main] KeywordUtil - Test process has ended
[INFO ] 2023-05-17 11:40:56.619 [main] KeywordUtil - Email Flag Set To: N
[INFO ] 2023-05-17 11:40:56.620 [main] KeywordUtil - cucumber path is/Users/atul/Downloads/Tx_WWP\target/cucumber-html-report.html
[INFO ] 2023-05-17 11:40:56.640 [main] KeywordUtil - Extent Report File path is  /Users/atul/Downloads/Tx_WWP/ExecutionReports/HTMLReportsBackup/null.html
[INFO ] 2023-05-17 11:44:06.541 [main] ExcelToCSVConverter - Generated CSV file is added to : /Users/atul/Downloads/Tx_WWP/src/test/resources/CsvFiles/ArtistGrowthUsers.csv
[INFO ] 2023-05-17 11:44:06.683 [main] RunCukesTest - CHROME
[INFO ] 2023-05-17 11:44:06.684 [main] RunCukesTest - 

+===========================================================================================================+
[INFO ] 2023-05-17 11:44:06.699 [main] RunCukesTest -  Suite started at Wed May 17 11:44:06 IST 2023
[INFO ] 2023-05-17 11:44:06.700 [main] RunCukesTest - Suite Execution For Web application on environment : Local
[INFO ] 2023-05-17 11:44:06.711 [main] RunCukesTest - Suite Execution For Android mobile application on version: 12.0
[INFO ] 2023-05-17 11:44:06.711 [main] RunCukesTest - Suite Execution For Android mobile application on Device: Redmi Note 10 Pro
[INFO ] 2023-05-17 11:44:06.711 [main] RunCukesTest - 

+===========================================================================================================+
[INFO ] 2023-05-17 11:44:07.351 [main] RunCukesTest -  suite finished at Wed May 17 11:44:07 IST 2023
[INFO ] 2023-05-17 11:44:07.351 [main] RunCukesTest - 

+===========================================================================================================+
[INFO ] 2023-05-17 11:44:07.591 [main] KeywordUtil - Test process has ended
[INFO ] 2023-05-17 11:44:07.592 [main] KeywordUtil - Email Flag Set To: N
[INFO ] 2023-05-17 11:44:07.595 [main] KeywordUtil - cucumber path is/Users/atul/Downloads/Tx_WWP\target/cucumber-html-report.html
[INFO ] 2023-05-17 11:44:07.612 [main] KeywordUtil - Extent Report File path is  /Users/atul/Downloads/Tx_WWP/ExecutionReports/HTMLReportsBackup/null.html
[INFO ] 2023-05-17 11:48:53.109 [main] ExcelToCSVConverter - Generated CSV file is added to : /Users/atul/Downloads/Tx_WWP/src/test/resources/CsvFiles/ArtistGrowthUsers.csv
[INFO ] 2023-05-17 11:48:53.239 [main] RunCukesTest - CHROME
[INFO ] 2023-05-17 11:48:53.240 [main] RunCukesTest - 

+===========================================================================================================+
[INFO ] 2023-05-17 11:48:53.247 [main] RunCukesTest -  Suite started at Wed May 17 11:48:53 IST 2023
[INFO ] 2023-05-17 11:48:53.248 [main] RunCukesTest - Suite Execution For Web application on environment : Local
[INFO ] 2023-05-17 11:48:53.252 [main] RunCukesTest - Suite Execution For Android mobile application on version: 12.0
[INFO ] 2023-05-17 11:48:53.253 [main] RunCukesTest - Suite Execution For Android mobile application on Device: Redmi Note 10 Pro
[INFO ] 2023-05-17 11:48:53.253 [main] RunCukesTest - 

+===========================================================================================================+
[INFO ] 2023-05-17 11:48:53.888 [main] Hooks - Mobile Tests Started: Verify that user is able to login to the app
[INFO ] 2023-05-17 11:48:53.889 [main] Hooks - Mobile Test is executed in OS: null
[INFO ] 2023-05-17 11:48:53.910 [main] DriverUtil - Execution started for iOS on device - iPhone 12 with OS Version - 15.5
[INFO ] 2023-05-17 11:49:01.427 [main] Hooks - Test has ended closing Application: null
[INFO ] 2023-05-17 11:49:02.705 [main] RunCukesTest -  suite finished at Wed May 17 11:49:02 IST 2023
[INFO ] 2023-05-17 11:49:02.707 [main] RunCukesTest - 

+===========================================================================================================+
[INFO ] 2023-05-17 11:49:02.993 [main] KeywordUtil - Test process has ended
[INFO ] 2023-05-17 11:49:02.993 [main] KeywordUtil - Email Flag Set To: N
[INFO ] 2023-05-17 11:49:02.994 [main] KeywordUtil - cucumber path is/Users/atul/Downloads/Tx_WWP\target/cucumber-html-report.html
[INFO ] 2023-05-17 11:49:03.009 [main] KeywordUtil - Extent Report File path is  /Users/atul/Downloads/Tx_WWP/ExecutionReports/HTMLReportsBackup/IOS.html
[INFO ] 2023-05-17 13:17:53.591 [main] ExcelToCSVConverter - Generated CSV file is added to : /Users/atul/Downloads/Tx_WWP/src/test/resources/CsvFiles/ArtistGrowthUsers.csv
[INFO ] 2023-05-17 13:17:53.738 [main] RunCukesTest - CHROME
[INFO ] 2023-05-17 13:17:53.739 [main] RunCukesTest - 

+===========================================================================================================+
[INFO ] 2023-05-17 13:17:53.758 [main] RunCukesTest -  Suite started at Wed May 17 13:17:53 IST 2023
[INFO ] 2023-05-17 13:17:53.759 [main] RunCukesTest - Suite Execution For Web application on environment : Local
[INFO ] 2023-05-17 13:17:53.765 [main] RunCukesTest - Suite Execution For Android mobile application on version: 12.0
[INFO ] 2023-05-17 13:17:53.765 [main] RunCukesTest - Suite Execution For Android mobile application on Device: Redmi Note 10 Pro
[INFO ] 2023-05-17 13:17:53.765 [main] RunCukesTest - 

+===========================================================================================================+
[INFO ] 2023-05-17 13:17:54.376 [main] Hooks - 
+----------------------------------------------------------------------------------------------------------------------------+
[INFO ] 2023-05-17 13:17:54.377 [main] Hooks - Test Started: Verify that the user is able to add a product to the cart
[INFO ] 2023-05-17 13:17:54.378 [main] Hooks - Test is executed in Environment: Local
[INFO ] 2023-05-17 13:17:54.378 [main] Hooks - Test is started with browser: CHROME
[INFO ] 2023-05-17 13:18:36.050 [main] KeywordUtil - Navigate to: null
[INFO ] 2023-05-17 13:18:36.054 [main] Hooks - Test has ended closing browser: CHROME
[INFO ] 2023-05-17 13:18:36.165 [main] RunCukesTest -  suite finished at Wed May 17 13:18:36 IST 2023
[INFO ] 2023-05-17 13:18:36.165 [main] RunCukesTest - 

+===========================================================================================================+
[INFO ] 2023-05-17 13:18:36.566 [main] KeywordUtil - Test process has ended
[INFO ] 2023-05-17 13:18:36.566 [main] KeywordUtil - Email Flag Set To: N
[INFO ] 2023-05-17 13:18:36.567 [main] KeywordUtil - cucumber path is/Users/atul/Downloads/Tx_WWP\target/cucumber-html-report.html
[INFO ] 2023-05-17 13:18:36.587 [main] KeywordUtil - Extent Report File path is  /Users/atul/Downloads/Tx_WWP/ExecutionReports/HTMLReportsBackup/Web.html
[INFO ] 2023-05-22 16:51:43.236 [main] ExcelToCSVConverter - Generated CSV file is added to : C:\Users\TESTINGXPERTS\IdeaProjects\Wounded_warrior_project_2023\Wounded-Warrior/src/test/resources/CsvFiles/ArtistGrowthUsers.csv
[INFO ] 2023-05-22 16:51:43.369 [main] RunCukesTest - CHROME
[INFO ] 2023-05-22 16:51:43.370 [main] RunCukesTest - 

+===========================================================================================================+
[INFO ] 2023-05-22 16:51:43.370 [main] RunCukesTest -  Suite started at Mon May 22 16:51:43 IST 2023
[INFO ] 2023-05-22 16:51:43.371 [main] RunCukesTest - Suite Execution For Web application on environment : Local
[INFO ] 2023-05-22 16:51:43.372 [main] RunCukesTest - Suite Execution For Android mobile application on version: 12.0
[INFO ] 2023-05-22 16:51:43.373 [main] RunCukesTest - Suite Execution For Android mobile application on Device: Redmi Note 10 Pro
[INFO ] 2023-05-22 16:51:43.374 [main] RunCukesTest - 

+===========================================================================================================+
[INFO ] 2023-05-22 16:51:44.813 [main] Hooks - 
+----------------------------------------------------------------------------------------------------------------------------+
[INFO ] 2023-05-22 16:51:44.815 [main] Hooks - Test Started: Verify that the user is able to Login with valid credentials
[INFO ] 2023-05-22 16:51:44.816 [main] Hooks - Test is executed in Environment: Local
[INFO ] 2023-05-22 16:51:44.818 [main] Hooks - Test is started with browser: CHROME
[INFO ] 2023-05-22 16:51:49.033 [main] KeywordUtil - Navigate to: https://wwp--wdxuat.sandbox.my.site.com/WDX/s/login/
[INFO ] 2023-05-22 16:51:57.819 [main] KeywordUtil - Login
[INFO ] 2023-05-22 16:51:57.825 [main] Hooks - Test has ended closing browser: CHROME
[INFO ] 2023-05-22 16:51:59.079 [main] RunCukesTest -  suite finished at Mon May 22 16:51:59 IST 2023
[INFO ] 2023-05-22 16:51:59.079 [main] RunCukesTest - 

+===========================================================================================================+
[INFO ] 2023-05-22 16:51:59.548 [main] KeywordUtil - Test process has ended
[INFO ] 2023-05-22 16:51:59.549 [main] KeywordUtil - Email Flag Set To: N
[INFO ] 2023-05-22 16:51:59.549 [main] KeywordUtil - cucumber path isC:\Users\TESTINGXPERTS\IdeaProjects\Wounded_warrior_project_2023\Wounded-Warrior\target/cucumber-html-report.html
[INFO ] 2023-05-22 16:51:59.599 [main] KeywordUtil - Extent Report File path is  C:\Users\TESTINGXPERTS\IdeaProjects\Wounded_warrior_project_2023\Wounded-Warrior\ExecutionReports\HTMLReportsBackup\Web, @Login_TC_05.html
